Using pre-set license
Built from '2020.3/staging' branch; Version is '2020.3.25f1 (9b9180224418) revision 10195328'; Using compiler version '192528614'; Build Type 'Release'
OS: 'Windows 11  (10.0.22000) 64bit Core' Language: 'en' Physical Memory: 15789 MB
BatchMode: 1, IsHumanControllingUs: 0, StartBugReporterOnCrash: 0, Is64bit: 1, IsPro: 0

COMMAND LINE ARGUMENTS:
C:\Program Files\Unity\Hub\Editor\2020.3.25f1\Editor\Unity.exe
-adb2
-batchMode
-noUpm
-name
AssetImportWorker0
-projectPath
C:/Users/super/OneDrive/Desktop/New folder (2)/VGP123_L2_Rafay_Muhammed
-logFile
Logs/AssetImportWorker0.log
-srvPort
55922
Successfully changed project path to: C:/Users/super/OneDrive/Desktop/New folder (2)/VGP123_L2_Rafay_Muhammed
C:/Users/super/OneDrive/Desktop/New folder (2)/VGP123_L2_Rafay_Muhammed
Using Asset Import Pipeline V2.
Refreshing native plugins compatible for Editor in 42.84 ms, found 3 plugins.
Preloading 0 native plugins for Editor in 0.00 ms.
Initialize engine version: 2020.3.25f1 (9b9180224418)
[Subsystems] Discovering subsystems at path C:/Program Files/Unity/Hub/Editor/2020.3.25f1/Editor/Data/Resources/UnitySubsystems
[Subsystems] Discovering subsystems at path C:/Users/super/OneDrive/Desktop/New folder (2)/VGP123_L2_Rafay_Muhammed/Assets
GfxDevice: creating device client; threaded=0
Direct3D:
    Version:  Direct3D 11.0 [level 11.1]
    Renderer: NVIDIA GeForce RTX 2060 (ID=0x1f15)
    Vendor:   
    VRAM:     5980 MB
    Driver:   30.0.15.1123
Initialize mono
Mono path[0] = 'C:/Program Files/Unity/Hub/Editor/2020.3.25f1/Editor/Data/Managed'
Mono path[1] = 'C:/Program Files/Unity/Hub/Editor/2020.3.25f1/Editor/Data/MonoBleedingEdge/lib/mono/unityjit'
Mono config path = 'C:/Program Files/Unity/Hub/Editor/2020.3.25f1/Editor/Data/MonoBleedingEdge/etc'
Using monoOptions --debugger-agent=transport=dt_socket,embedding=1,server=y,suspend=n,address=127.0.0.1:56924
Begin MonoManager ReloadAssembly
Registering precompiled unity dll's ...
Register platform support module: C:/Program Files/Unity/Hub/Editor/2020.3.25f1/Editor/Data/PlaybackEngines/WindowsStandaloneSupport/UnityEditor.WindowsStandalone.Extensions.dll
Registered in 0.002773 seconds.
Native extension for WindowsStandalone target not found
Refreshing native plugins compatible for Editor in 46.04 ms, found 3 plugins.
Preloading 0 native plugins for Editor in 0.00 ms.
Mono: successfully reloaded assembly
- Completed reload, in  0.552 seconds
Domain Reload Profiling:
	ReloadAssembly (553ms)
		BeginReloadAssembly (44ms)
			ExecutionOrderSort (0ms)
			DisableScriptedObjects (0ms)
			BackupInstance (0ms)
			ReleaseScriptingObjects (0ms)
			CreateAndSetChildDomain (1ms)
		EndReloadAssembly (440ms)
			LoadAssemblies (43ms)
			RebuildTransferFunctionScriptingTraits (0ms)
			SetupTypeCache (138ms)
			ReleaseScriptCaches (0ms)
			RebuildScriptCaches (30ms)
			SetupLoadedEditorAssemblies (172ms)
				LogAssemblyErrors (0ms)
				InitializePlatformSupportModulesInManaged (4ms)
				SetLoadedEditorAssemblies (0ms)
				RefreshPlugins (46ms)
				BeforeProcessingInitializeOnLoad (16ms)
				ProcessInitializeOnLoadAttributes (78ms)
				ProcessInitializeOnLoadMethodAttributes (28ms)
				AfterProcessingInitializeOnLoad (0ms)
				EditorAssembliesLoaded (0ms)
			ExecutionOrderSort2 (0ms)
			AwakeInstancesAfterBackupRestoration (0ms)
Platform modules already initialized, skipping
Registering precompiled user dll's ...
Registered in 0.014245 seconds.
Begin MonoManager ReloadAssembly
Native extension for WindowsStandalone target not found
Refreshing native plugins compatible for Editor in 41.27 ms, found 3 plugins.
Preloading 0 native plugins for Editor in 0.00 ms.
Mono: successfully reloaded assembly
- Completed reload, in  1.084 seconds
Domain Reload Profiling:
	ReloadAssembly (1085ms)
		BeginReloadAssembly (126ms)
			ExecutionOrderSort (0ms)
			DisableScriptedObjects (5ms)
			BackupInstance (0ms)
			ReleaseScriptingObjects (0ms)
			CreateAndSetChildDomain (17ms)
		EndReloadAssembly (900ms)
			LoadAssemblies (123ms)
			RebuildTransferFunctionScriptingTraits (0ms)
			SetupTypeCache (282ms)
			ReleaseScriptCaches (0ms)
			RebuildScriptCaches (45ms)
			SetupLoadedEditorAssemblies (336ms)
				LogAssemblyErrors (0ms)
				InitializePlatformSupportModulesInManaged (3ms)
				SetLoadedEditorAssemblies (0ms)
				RefreshPlugins (41ms)
				BeforeProcessingInitializeOnLoad (79ms)
				ProcessInitializeOnLoadAttributes (189ms)
				ProcessInitializeOnLoadMethodAttributes (19ms)
				AfterProcessingInitializeOnLoad (4ms)
				EditorAssembliesLoaded (0ms)
			ExecutionOrderSort2 (0ms)
			AwakeInstancesAfterBackupRestoration (7ms)
Platform modules already initialized, skipping
========================================================================
Worker process is ready to serve import requests
Launched and connected shader compiler UnityShaderCompiler.exe after 0.07 seconds
Refreshing native plugins compatible for Editor in 0.50 ms, found 3 plugins.
Preloading 0 native plugins for Editor in 0.00 ms.
Unloading 2194 Unused Serialized files (Serialized files now loaded: 0)
System memory in use before: 95.8 MB.
System memory in use after: 95.8 MB.

Unloading 28 unused Assets to reduce memory usage. Loaded Objects now: 2627.
Total: 3.049000 ms (FindLiveObjects: 0.196800 ms CreateObjectMapping: 0.048400 ms MarkObjects: 2.722800 ms  DeleteObjects: 0.079200 ms)

AssetImportParameters requested are different than current active one (requested -> active):
  custom:framework-win-MediaFoundation: 216162199b28c13a410421893ffa2e32 -> 
  custom:video-decoder-ogg-theora: a1e56fd34408186e4bbccfd4996cb3dc -> 
  custom:container-muxer-webm: aa71ff27fc2769a1b78a27578f13a17b -> 
  custom:container-demuxer-webm: 4f35f7cbe854078d1ac9338744f61a02 -> 
  custom:container-demuxer-ogg: 62fdf1f143b41e24485cea50d1cbac27 -> 
  custom:video-encoder-webm-vp8: eb34c28f22e8b96e1ab97ce403110664 -> 
  custom:video-codec-MediaFoundation-h265: 746d11721c4dcdbdad8f713fa42b33f4 -> 
  custom:video-decoder-webm-vp8: 9c59270c3fd7afecdb556c50c9e8de78 -> 
  custom:audio-decoder-ogg-vorbis: bf7c407c2cedff20999df2af8eb42d56 -> 
  custom:audio-encoder-webm-vorbis: bf7c407c2cedff20999df2af8eb42d56 -> 
========================================================================
Received Import Request.
  path: Assets/S
  artifactKey: Guid(9168811b312507b43ae91cea725a2110) Importer(815301076,1909f56bfc062723c751e8b465ee728b)
Start importing Assets/S using Guid(9168811b312507b43ae91cea725a2110) Importer(815301076,1909f56bfc062723c751e8b465ee728b)  -> (artifact id: '1cc10eb2b60a924faa2bdc322e77da43') in 0.011232 seconds 
  Import took 0.015196 seconds .

========================================================================
Received Import Request.
  Time since last request: 7.459070 seconds.
  path: Assets/Scripts
  artifactKey: Guid(9168811b312507b43ae91cea725a2110) Importer(815301076,1909f56bfc062723c751e8b465ee728b)
Start importing Assets/Scripts using Guid(9168811b312507b43ae91cea725a2110) Importer(815301076,1909f56bfc062723c751e8b465ee728b)  -> (artifact id: 'b885b1a3c9351384dd06a6135c07eba9') in 0.010611 seconds 
  Import took 0.016122 seconds .

========================================================================
Received Import Request.
  Time since last request: 2.600310 seconds.
  path: Assets
  artifactKey: Guid(00000000000000001000000000000000) Importer(815301076,1909f56bfc062723c751e8b465ee728b)
Start importing Assets using Guid(00000000000000001000000000000000) Importer(815301076,1909f56bfc062723c751e8b465ee728b)  -> (artifact id: '42d402b061de3733987d63b9cc3b64de') in 0.009845 seconds 
  Import took 0.013311 seconds .

========================================================================
Received Import Request.
  Time since last request: 16.474299 seconds.
  path: Assets/Sprits
  artifactKey: Guid(32a47b0324fd704488c0674c569c4523) Importer(815301076,1909f56bfc062723c751e8b465ee728b)
Start importing Assets/Sprits using Guid(32a47b0324fd704488c0674c569c4523) Importer(815301076,1909f56bfc062723c751e8b465ee728b)  -> (artifact id: '999df36d44c8c74f41a78edf7cc164c6') in 0.012094 seconds 
  Import took 0.015724 seconds .

========================================================================
Received Import Request.
  Time since last request: 7.752769 seconds.
  path: Assets/Sprites
  artifactKey: Guid(32a47b0324fd704488c0674c569c4523) Importer(815301076,1909f56bfc062723c751e8b465ee728b)
Start importing Assets/Sprites using Guid(32a47b0324fd704488c0674c569c4523) Importer(815301076,1909f56bfc062723c751e8b465ee728b)  -> (artifact id: 'df456d512d4622c244345b270e30d4ac') in 0.009093 seconds 
  Import took 0.012606 seconds .

========================================================================
Received Import Request.
  Time since last request: 13.211442 seconds.
  path: Assets/Sprites/Player
  artifactKey: Guid(325b666dd6d966948a273e26f0570a18) Importer(815301076,1909f56bfc062723c751e8b465ee728b)
Start importing Assets/Sprites/Player using Guid(325b666dd6d966948a273e26f0570a18) Importer(815301076,1909f56bfc062723c751e8b465ee728b)  -> (artifact id: 'c32b98a3a4625f182d2ebfafbfbcd821') in 0.010857 seconds 
  Import took 0.014975 seconds .

========================================================================
Received Import Request.
  Time since last request: 8.285093 seconds.
  path: Assets/Sprites/Enemy
  artifactKey: Guid(efde06af708bab240bc1f47bbe719e6d) Importer(815301076,1909f56bfc062723c751e8b465ee728b)
Start importing Assets/Sprites/Enemy using Guid(efde06af708bab240bc1f47bbe719e6d) Importer(815301076,1909f56bfc062723c751e8b465ee728b)  -> (artifact id: 'e1e19313657a3f1d8eeadea1e7c64daa') in 0.007923 seconds 
  Import took 0.012673 seconds .

========================================================================
Received Import Request.
  Time since last request: 14.837443 seconds.
  path: Assets/Sprites/Background
  artifactKey: Guid(18f3364053784a14abaacfa9a00dd08d) Importer(815301076,1909f56bfc062723c751e8b465ee728b)
Start importing Assets/Sprites/Background using Guid(18f3364053784a14abaacfa9a00dd08d) Importer(815301076,1909f56bfc062723c751e8b465ee728b)  -> (artifact id: '9fc8c6b8784b7894af72b7f62fd04b7a') in 0.008966 seconds 
  Import took 0.012819 seconds .

========================================================================
Received Import Request.
  Time since last request: 153.700789 seconds.
  path: Assets/Sprites/Player/Player.png
  artifactKey: Guid(7c649cd84543c5e4d9f0ba38da21a53d) Importer(815301076,1909f56bfc062723c751e8b465ee728b)
Start importing Assets/Sprites/Player/Player.png using Guid(7c649cd84543c5e4d9f0ba38da21a53d) Importer(815301076,1909f56bfc062723c751e8b465ee728b)  -> (artifact id: 'f419dc782082d0555c0a3fb4936551ed') in 0.142756 seconds 
  Import took 0.147107 seconds .

========================================================================
Received Import Request.
  Time since last request: 11.744130 seconds.
  path: Assets/Sprites/Background/MegaMan world .png
  artifactKey: Guid(e5e070bac4a7aab4cae595ac7dc161f4) Importer(815301076,1909f56bfc062723c751e8b465ee728b)
Start importing Assets/Sprites/Background/MegaMan world .png using Guid(e5e070bac4a7aab4cae595ac7dc161f4) Importer(815301076,1909f56bfc062723c751e8b465ee728b)  -> (artifact id: '53688d39b2105e6c0fad16a10cc648f6') in 0.018133 seconds 
  Import took 0.022373 seconds .

========================================================================
Received Import Request.
  Time since last request: 1018.136749 seconds.
  path: Assets/Sprites/Player/Player.png
  artifactKey: Guid(7c649cd84543c5e4d9f0ba38da21a53d) Importer(815301076,1909f56bfc062723c751e8b465ee728b)
Start importing Assets/Sprites/Player/Player.png using Guid(7c649cd84543c5e4d9f0ba38da21a53d) Importer(815301076,1909f56bfc062723c751e8b465ee728b)  -> (artifact id: 'c10f1e4181220f97a632e330480b9ae0') in 0.015467 seconds 
  Import took 0.021091 seconds .

========================================================================
Received Import Request.
  Time since last request: 258.139140 seconds.
  path: Assets/Sprites/Player/Player.png
  artifactKey: Guid(7c649cd84543c5e4d9f0ba38da21a53d) Importer(815301076,1909f56bfc062723c751e8b465ee728b)
Start importing Assets/Sprites/Player/Player.png using Guid(7c649cd84543c5e4d9f0ba38da21a53d) Importer(815301076,1909f56bfc062723c751e8b465ee728b)  -> (artifact id: 'fc8260616db71c2164220eb1a98e400a') in 0.233405 seconds 
  Import took 0.237924 seconds .

========================================================================
Received Import Request.
  Time since last request: 57.590030 seconds.
  path: Assets/Sprites/Background/MegaMan world .png
  artifactKey: Guid(e5e070bac4a7aab4cae595ac7dc161f4) Importer(815301076,1909f56bfc062723c751e8b465ee728b)
Start importing Assets/Sprites/Background/MegaMan world .png using Guid(e5e070bac4a7aab4cae595ac7dc161f4) Importer(815301076,1909f56bfc062723c751e8b465ee728b)  -> (artifact id: '326ec2d44192bdb949c20048ae14c625') in 0.012419 seconds 
  Import took 0.017026 seconds .

========================================================================
Received Import Request.
  Time since last request: 23.052582 seconds.
  path: Assets/Sprites/Background/MegaMan world .png
  artifactKey: Guid(e5e070bac4a7aab4cae595ac7dc161f4) Importer(815301076,1909f56bfc062723c751e8b465ee728b)
Start importing Assets/Sprites/Background/MegaMan world .png using Guid(e5e070bac4a7aab4cae595ac7dc161f4) Importer(815301076,1909f56bfc062723c751e8b465ee728b)  -> (artifact id: '4f66ccf681c8622b0d578f268514fe7b') in 0.012438 seconds 
  Import took 0.015974 seconds .

========================================================================
Received Import Request.
  Time since last request: 591.703816 seconds.
  path: Assets/Sprites/Background/MegaMan world .png
  artifactKey: Guid(e5e070bac4a7aab4cae595ac7dc161f4) Importer(815301076,1909f56bfc062723c751e8b465ee728b)
Start importing Assets/Sprites/Background/MegaMan world .png using Guid(e5e070bac4a7aab4cae595ac7dc161f4) Importer(815301076,1909f56bfc062723c751e8b465ee728b)  -> (artifact id: '39322044734a31f0300bf7b6f93cfbf8') in 0.012687 seconds 
  Import took 0.016416 seconds .

========================================================================
Received Import Request.
  Time since last request: 5.027015 seconds.
  path: Assets/Sprites/Background/MegaMan world .png
  artifactKey: Guid(e5e070bac4a7aab4cae595ac7dc161f4) Importer(815301076,1909f56bfc062723c751e8b465ee728b)
Start importing Assets/Sprites/Background/MegaMan world .png using Guid(e5e070bac4a7aab4cae595ac7dc161f4) Importer(815301076,1909f56bfc062723c751e8b465ee728b)  -> (artifact id: 'b85116e911486c820f9eb85a0010e731') in 0.011374 seconds 
  Import took 0.015526 seconds .

========================================================================
Received Import Request.
  Time since last request: 30.725581 seconds.
  path: Assets/Sprites/Background/MegaMan world .png
  artifactKey: Guid(e5e070bac4a7aab4cae595ac7dc161f4) Importer(815301076,1909f56bfc062723c751e8b465ee728b)
Start importing Assets/Sprites/Background/MegaMan world .png using Guid(e5e070bac4a7aab4cae595ac7dc161f4) Importer(815301076,1909f56bfc062723c751e8b465ee728b)  -> (artifact id: '928b3eca2b5d3423957e045610f65422') in 0.011132 seconds 
  Import took 0.015017 seconds .

========================================================================
Received Import Request.
  Time since last request: 71.163778 seconds.
  path: Assets/Sprites/Background/MegaMan world .png
  artifactKey: Guid(e5e070bac4a7aab4cae595ac7dc161f4) Importer(815301076,1909f56bfc062723c751e8b465ee728b)
Start importing Assets/Sprites/Background/MegaMan world .png using Guid(e5e070bac4a7aab4cae595ac7dc161f4) Importer(815301076,1909f56bfc062723c751e8b465ee728b)  -> (artifact id: '9259982f9bbd1bbbce34d24aa6cfa6f1') in 0.012783 seconds 
  Import took 0.016847 seconds .

========================================================================
Received Import Request.
  Time since last request: 15.141393 seconds.
  path: Assets/Sprites/Background/MegaMan world .png
  artifactKey: Guid(e5e070bac4a7aab4cae595ac7dc161f4) Importer(815301076,1909f56bfc062723c751e8b465ee728b)
Start importing Assets/Sprites/Background/MegaMan world .png using Guid(e5e070bac4a7aab4cae595ac7dc161f4) Importer(815301076,1909f56bfc062723c751e8b465ee728b)  -> (artifact id: '88bbe11d91cc34b56a5789221efa0277') in 0.011296 seconds 
  Import took 0.016150 seconds .

========================================================================
Received Import Request.
  Time since last request: 7.710725 seconds.
  path: Assets/Sprites/Background/MegaMan world .png
  artifactKey: Guid(e5e070bac4a7aab4cae595ac7dc161f4) Importer(815301076,1909f56bfc062723c751e8b465ee728b)
Start importing Assets/Sprites/Background/MegaMan world .png using Guid(e5e070bac4a7aab4cae595ac7dc161f4) Importer(815301076,1909f56bfc062723c751e8b465ee728b)  -> (artifact id: '67b5c95faae2df4dd7430e371526a330') in 0.011792 seconds 
  Import took 0.015579 seconds .

========================================================================
Received Import Request.
  Time since last request: 2.767154 seconds.
  path: Assets/Sprites/Background/MegaMan world .png
  artifactKey: Guid(e5e070bac4a7aab4cae595ac7dc161f4) Importer(815301076,1909f56bfc062723c751e8b465ee728b)
Start importing Assets/Sprites/Background/MegaMan world .png using Guid(e5e070bac4a7aab4cae595ac7dc161f4) Importer(815301076,1909f56bfc062723c751e8b465ee728b)  -> (artifact id: '34a79006db450778ff96a78938ef3a23') in 0.011102 seconds 
  Import took 0.014972 seconds .

========================================================================
Received Import Request.
  Time since last request: 2.867179 seconds.
  path: Assets/Sprites/Background/MegaMan world.png
  artifactKey: Guid(e5e070bac4a7aab4cae595ac7dc161f4) Importer(815301076,1909f56bfc062723c751e8b465ee728b)
Start importing Assets/Sprites/Background/MegaMan world.png using Guid(e5e070bac4a7aab4cae595ac7dc161f4) Importer(815301076,1909f56bfc062723c751e8b465ee728b)  -> (artifact id: 'd4961475f7e00f8249d02078e01284a3') in 0.018652 seconds 
  Import took 0.023578 seconds .

========================================================================
Received Prepare
Registering precompiled user dll's ...
Registered in 0.004424 seconds.
Begin MonoManager ReloadAssembly
Native extension for WindowsStandalone target not found
Refreshing native plugins compatible for Editor in 0.56 ms, found 3 plugins.
Preloading 0 native plugins for Editor in 0.00 ms.
Mono: successfully reloaded assembly
- Completed reload, in  0.996 seconds
Domain Reload Profiling:
	ReloadAssembly (996ms)
		BeginReloadAssembly (117ms)
			ExecutionOrderSort (0ms)
			DisableScriptedObjects (6ms)
			BackupInstance (0ms)
			ReleaseScriptingObjects (0ms)
			CreateAndSetChildDomain (41ms)
		EndReloadAssembly (817ms)
			LoadAssemblies (87ms)
			RebuildTransferFunctionScriptingTraits (0ms)
			SetupTypeCache (291ms)
			ReleaseScriptCaches (1ms)
			RebuildScriptCaches (41ms)
			SetupLoadedEditorAssemblies (296ms)
				LogAssemblyErrors (0ms)
				InitializePlatformSupportModulesInManaged (4ms)
				SetLoadedEditorAssemblies (1ms)
				RefreshPlugins (1ms)
				BeforeProcessingInitializeOnLoad (80ms)
				ProcessInitializeOnLoadAttributes (193ms)
				ProcessInitializeOnLoadMethodAttributes (12ms)
				AfterProcessingInitializeOnLoad (4ms)
				EditorAssembliesLoaded (0ms)
			ExecutionOrderSort2 (0ms)
			AwakeInstancesAfterBackupRestoration (13ms)
Platform modules already initialized, skipping
Refreshing native plugins compatible for Editor in 0.53 ms, found 3 plugins.
Preloading 0 native plugins for Editor in 0.00 ms.
Unloading 2183 Unused Serialized files (Serialized files now loaded: 0)
System memory in use before: 98.3 MB.
System memory in use after: 98.5 MB.

Unloading 17 unused Assets to reduce memory usage. Loaded Objects now: 2735.
Total: 3.478500 ms (FindLiveObjects: 0.327400 ms CreateObjectMapping: 0.075400 ms MarkObjects: 3.052900 ms  DeleteObjects: 0.021800 ms)

AssetImportParameters requested are different than current active one (requested -> active):
  custom:framework-win-MediaFoundation: 216162199b28c13a410421893ffa2e32 -> 
  custom:video-decoder-ogg-theora: a1e56fd34408186e4bbccfd4996cb3dc -> 
  custom:container-muxer-webm: aa71ff27fc2769a1b78a27578f13a17b -> 
  custom:container-demuxer-webm: 4f35f7cbe854078d1ac9338744f61a02 -> 
  custom:container-demuxer-ogg: 62fdf1f143b41e24485cea50d1cbac27 -> 
  custom:video-encoder-webm-vp8: eb34c28f22e8b96e1ab97ce403110664 -> 
  custom:video-codec-MediaFoundation-h265: 746d11721c4dcdbdad8f713fa42b33f4 -> 
  custom:video-decoder-webm-vp8: 9c59270c3fd7afecdb556c50c9e8de78 -> 
  custom:audio-decoder-ogg-vorbis: bf7c407c2cedff20999df2af8eb42d56 -> 
  custom:audio-encoder-webm-vorbis: bf7c407c2cedff20999df2af8eb42d56 -> 
========================================================================
Received Import Request.
  Time since last request: 155.055551 seconds.
  path: Assets/Sprites/Player/Player.png
  artifactKey: Guid(7c649cd84543c5e4d9f0ba38da21a53d) Importer(815301076,1909f56bfc062723c751e8b465ee728b)
Start importing Assets/Sprites/Player/Player.png using Guid(7c649cd84543c5e4d9f0ba38da21a53d) Importer(815301076,1909f56bfc062723c751e8b465ee728b)  -> (artifact id: '896f328db3cdd8ab5f5bd89e8aa28b37') in 0.225573 seconds 
  Import took 0.230333 seconds .

========================================================================
Received Import Request.
  Time since last request: 76.356669 seconds.
  path: Assets/Sprites/Player/MegaMan Idle 1.controller
  artifactKey: Guid(e803a5c77737d1e469c43fed25f5c663) Importer(815301076,1909f56bfc062723c751e8b465ee728b)
Start importing Assets/Sprites/Player/MegaMan Idle 1.controller using Guid(e803a5c77737d1e469c43fed25f5c663) Importer(815301076,1909f56bfc062723c751e8b465ee728b)  -> (artifact id: 'db5076d7103bc362706d32aeed31ff7f') in 0.017249 seconds 
  Import took 0.021904 seconds .

========================================================================
Received Import Request.
  Time since last request: 136.115458 seconds.
  path: Assets/Sprites/Player/New Animation.anim
  artifactKey: Guid(6c4fb670b13f06746ac620d989b4699c) Importer(815301076,1909f56bfc062723c751e8b465ee728b)
Start importing Assets/Sprites/Player/New Animation.anim using Guid(6c4fb670b13f06746ac620d989b4699c) Importer(815301076,1909f56bfc062723c751e8b465ee728b)  -> (artifact id: '1c296b29ef95dd16fab13b3abfab2c1c') in 0.011460 seconds 
  Import took 0.015298 seconds .

========================================================================
Received Prepare
Registering precompiled user dll's ...
Registered in 0.003602 seconds.
Begin MonoManager ReloadAssembly
Native extension for WindowsStandalone target not found
Refreshing native plugins compatible for Editor in 0.54 ms, found 3 plugins.
Preloading 0 native plugins for Editor in 0.00 ms.
Mono: successfully reloaded assembly
- Completed reload, in  0.952 seconds
Domain Reload Profiling:
	ReloadAssembly (953ms)
		BeginReloadAssembly (114ms)
			ExecutionOrderSort (0ms)
			DisableScriptedObjects (6ms)
			BackupInstance (0ms)
			ReleaseScriptingObjects (0ms)
			CreateAndSetChildDomain (39ms)
		EndReloadAssembly (782ms)
			LoadAssemblies (79ms)
			RebuildTransferFunctionScriptingTraits (0ms)
			SetupTypeCache (273ms)
			ReleaseScriptCaches (1ms)
			RebuildScriptCaches (48ms)
			SetupLoadedEditorAssemblies (283ms)
				LogAssemblyErrors (0ms)
				InitializePlatformSupportModulesInManaged (4ms)
				SetLoadedEditorAssemblies (0ms)
				RefreshPlugins (1ms)
				BeforeProcessingInitializeOnLoad (77ms)
				ProcessInitializeOnLoadAttributes (185ms)
				ProcessInitializeOnLoadMethodAttributes (10ms)
				AfterProcessingInitializeOnLoad (4ms)
				EditorAssembliesLoaded (0ms)
			ExecutionOrderSort2 (0ms)
			AwakeInstancesAfterBackupRestoration (10ms)
Platform modules already initialized, skipping
Refreshing native plugins compatible for Editor in 0.53 ms, found 3 plugins.
Preloading 0 native plugins for Editor in 0.00 ms.
Unloading 2183 Unused Serialized files (Serialized files now loaded: 0)
System memory in use before: 98.4 MB.
System memory in use after: 98.6 MB.

Unloading 17 unused Assets to reduce memory usage. Loaded Objects now: 2738.
Total: 3.585000 ms (FindLiveObjects: 0.240400 ms CreateObjectMapping: 0.060100 ms MarkObjects: 3.257900 ms  DeleteObjects: 0.024700 ms)

AssetImportParameters requested are different than current active one (requested -> active):
  custom:framework-win-MediaFoundation: 216162199b28c13a410421893ffa2e32 -> 
  custom:video-decoder-ogg-theora: a1e56fd34408186e4bbccfd4996cb3dc -> 
  custom:container-muxer-webm: aa71ff27fc2769a1b78a27578f13a17b -> 
  custom:container-demuxer-webm: 4f35f7cbe854078d1ac9338744f61a02 -> 
  custom:container-demuxer-ogg: 62fdf1f143b41e24485cea50d1cbac27 -> 
  custom:video-encoder-webm-vp8: eb34c28f22e8b96e1ab97ce403110664 -> 
  custom:video-codec-MediaFoundation-h265: 746d11721c4dcdbdad8f713fa42b33f4 -> 
  custom:video-decoder-webm-vp8: 9c59270c3fd7afecdb556c50c9e8de78 -> 
  custom:audio-decoder-ogg-vorbis: bf7c407c2cedff20999df2af8eb42d56 -> 
  custom:audio-encoder-webm-vorbis: bf7c407c2cedff20999df2af8eb42d56 -> 
AssetImportWorkerClient::OnTransportError - code=2 error=End of file
